<?xml version="1.0" encoding="UTF-8"?>
<!-- Generated by org.testng.reporters.JUnitReportReporter -->
<testsuite hostname="Nachiket" failures="0" tests="1" name="script.ValidLogin" time="115.060" errors="0" timestamp="2023-06-26T08:44:29 IST" skipped="0">
  <testcase classname="script.ValidLogin" name="testValidLogin" time="115.060">
    <system-out>
      <![CDATA[Home Page is Displayed]]>
    </system-out>
  </testcase> <!-- testValidLogin -->
  <system-out>
    <![CDATA[Home Page is Displayed]]>
  </system-out>
</testsuite> <!-- script.ValidLogin -->
